WARNING: No icon found in path: 'audio-volume-medium-symbolic'
WARNING: No icon found in path: 'audio-volume-low-symbolic'
WARNING: No icon found in path: 'audio-volume-medium-symbolic'
WARNING: No icon found in path: 'audio-volume-low-symbolic'
WARNING: No icon found in path: 'audio-volume-medium-symbolic'
WARNING: No icon found in path: 'audio-volume-low-symbolic'
WARNING: No icon found in path: 'tools-check-spelling'
WARNING: No icon found in path: 'tools-check-spelling'
WARNING: No icon found in path: 'tools-check-spelling'
WARNING: No icon found in path: 'tools-check-spelling'
WARNING: No icon found in path: 'audio-volume-medium-symbolic'
WARNING: No icon found in path: 'audio-volume-low-symbolic'
WARNING: No icon found in path: 'audio-volume-low-symbolic'
WARNING: No icon found in path: 'audio-volume-low-symbolic'
WARNING: No icon found in path: 'audio-volume-low-symbolic'
WARNING: No icon found in path: 'audio-volume-low-symbolic'
WARNING: No icon found in path: 'audio-volume-low-symbolic'
WARNING: No icon found in path: 'audio-volume-muted-symbolic'
WARNING: No icon found in path: 'audio-volume-medium-symbolic'
WARNING: No icon found in path: 'audio-volume-muted-symbolic'
WARNING: No icon found in path: 'audio-volume-medium-symbolic'
WARNING: No icon found in path: 'audio-volume-muted-symbolic'
WARNING: No icon found in path: 'audio-volume-medium-symbolic'
WARNING: No icon found in path: 'audio-volume-muted-symbolic'
WARNING: No icon found in path: 'audio-volume-medium-symbolic'
WARNING: No icon found in path: 'audio-volume-muted-symbolic'
WARNING: No icon found in path: 'audio-volume-medium-symbolic'
WARNING: No icon found in path: 'audio-volume-muted-symbolic'
WARNING: No icon found in path: 'audio-volume-medium-symbolic'
WARNING: No icon found in path: 'audio-volume-muted-symbolic'
WARNING: No icon found in path: 'audio-volume-medium-symbolic'
WARNING: No icon found in path: 'audio-volume-medium-symbolic'
WARNING: No icon found in path: 'audio-volume-medium-symbolic'
WARNING: No icon found in path: 'audio-volume-medium-symbolic'
WARNING: No icon found in path: 'audio-volume-medium-symbolic'
WARNING: No icon found in path: 'audio-headset'
WARNING: No icon found in path: 'audio-volume-medium-symbolic'
WARNING: No icon found in path: 'audio-volume-medium-symbolic'
WARNING: No icon found in path: 'audio-volume-medium-symbolic'
WARNING: No icon found in path: 'audio-volume-medium-symbolic'
WARNING: No icon found in path: 'audio-volume-medium-symbolic'
WARNING: No icon found in path: 'audio-volume-high-symbolic'
WARNING: No icon found in path: 'audio-volume-high-symbolic'
WARNING: No icon found in path: 'audio-volume-high-symbolic'
X connection to :0 broken (explicit kill or server shutdown).
